2026-06-24 22:15:38 - [INFO] - scan_for_images:70 - Scanning folder: /home/mustofa/Documents/tamjid
2026-06-24 22:15:39 - [INFO] - scan_for_images:92 - Found 68 valid image files.
2026-06-24 22:15:41 - [INFO] - _process_worker:61 - ============================================================
2026-06-24 22:15:41 - [INFO] - _process_worker:62 - 🚀 Starting batch process...
2026-06-24 22:15:41 - [INFO] - _process_worker:63 - ============================================================
2026-06-24 22:15:41 - [INFO] - _process_worker:67 - 📋 Phase 1: Validating input folder...
2026-06-24 22:15:41 - [INFO] - _process_worker:73 - ✅ Input folder valid: /home/mustofa/Documents/tamjid
2026-06-24 22:15:41 - [INFO] - _process_worker:76 - 📋 Phase 2: Scanning for images...
2026-06-24 22:15:41 - [INFO] - scan_for_images:70 - Scanning folder: /home/mustofa/Documents/tamjid
2026-06-24 22:15:41 - [INFO] - scan_for_images:92 - Found 68 valid image files.
2026-06-24 22:15:41 - [INFO] - _process_worker:85 - ✅ Found 68 images to process
2026-06-24 22:15:41 - [INFO] - _process_worker:95 - 📋 Phase 3: Validating output folder...
2026-06-24 22:15:41 - [INFO] - _process_worker:100 - ✅ Output folder valid: /home/mustofa/Documents/tamjid_output
2026-06-24 22:15:41 - [INFO] - _process_worker:107 - ✅ Disk space OK: 360117.9MB available
2026-06-24 22:15:41 - [INFO] - _process_worker:110 - 📋 Phase 4: Processing images...
2026-06-24 22:15:41 - [INFO] - _process_worker:111 - Starting to process 68 files...
2026-06-24 22:15:41 - [INFO] - _process_worker:147 - [1/68] Processing: MP_04505.JPG
2026-06-24 22:15:41 - [DEBUG] - remove_background:48 - Processing file: /home/mustofa/Documents/tamjid/2. ASRAMA IMAM MALIKI/MP_04505.JPG (8.4MB)
2026-06-24 22:15:54 - [DEBUG] - remove_background:96 - Background removed in 12.08s
2026-06-24 22:15:57 - [DEBUG] - remove_background:130 - Successfully saved: /home/mustofa/Documents/tamjid_output/2. ASRAMA IMAM MALIKI/MP_04505.png (total: 15.26s)
2026-06-24 22:15:57 - [INFO] - _process_worker:155 - ✅ Success: MP_04505.JPG
2026-06-24 22:15:57 - [INFO] - _process_worker:147 - [2/68] Processing: MP_04493.JPG
2026-06-24 22:15:57 - [DEBUG] - remove_background:48 - Processing file: /home/mustofa/Documents/tamjid/2. ASRAMA IMAM MALIKI/MP_04493.JPG (8.0MB)
2026-06-24 22:16:08 - [DEBUG] - remove_background:96 - Background removed in 11.13s
2026-06-24 22:16:12 - [DEBUG] - remove_background:130 - Successfully saved: /home/mustofa/Documents/tamjid_output/2. ASRAMA IMAM MALIKI/MP_04493.png (total: 14.59s)
2026-06-24 22:16:12 - [INFO] - _process_worker:155 - ✅ Success: MP_04493.JPG
2026-06-24 22:16:12 - [INFO] - _process_worker:147 - [3/68] Processing: MP_04492.JPG
2026-06-24 22:16:12 - [DEBUG] - remove_background:48 - Processing file: /home/mustofa/Documents/tamjid/2. ASRAMA IMAM MALIKI/MP_04492.JPG (9.6MB)
2026-06-24 22:16:22 - [DEBUG] - remove_background:96 - Background removed in 10.30s
2026-06-24 22:16:26 - [DEBUG] - remove_background:130 - Successfully saved: /home/mustofa/Documents/tamjid_output/2. ASRAMA IMAM MALIKI/MP_04492.png (total: 13.65s)
2026-06-24 22:16:26 - [INFO] - _process_worker:155 - ✅ Success: MP_04492.JPG
2026-06-24 22:16:26 - [INFO] - _process_worker:147 - [4/68] Processing: MP_04532.JPG
2026-06-24 22:16:26 - [DEBUG] - remove_background:48 - Processing file: /home/mustofa/Documents/tamjid/2. ASRAMA IMAM MALIKI/MP_04532.JPG (9.7MB)
2026-06-24 22:16:37 - [DEBUG] - remove_background:96 - Background removed in 10.81s
2026-06-24 22:16:40 - [DEBUG] - remove_background:130 - Successfully saved: /home/mustofa/Documents/tamjid_output/2. ASRAMA IMAM MALIKI/MP_04532.png (total: 13.91s)
2026-06-24 22:16:40 - [INFO] - _process_worker:155 - ✅ Success: MP_04532.JPG
2026-06-24 22:16:40 - [INFO] - _process_worker:147 - [5/68] Processing: MP_04502.JPG
2026-06-24 22:16:40 - [DEBUG] - remove_background:48 - Processing file: /home/mustofa/Documents/tamjid/2. ASRAMA IMAM MALIKI/MP_04502.JPG (8.9MB)
2026-06-24 22:18:08 - [DEBUG] - remove_background:96 - Background removed in 88.34s
2026-06-24 22:18:11 - [DEBUG] - remove_background:130 - Successfully saved: /home/mustofa/Documents/tamjid_output/2. ASRAMA IMAM MALIKI/MP_04502.png (total: 91.60s)
2026-06-24 22:18:12 - [INFO] - _process_worker:155 - ✅ Success: MP_04502.JPG
2026-06-24 22:18:12 - [INFO] - _process_worker:147 - [6/68] Processing: MP_04516.JPG
2026-06-24 22:18:12 - [DEBUG] - remove_background:48 - Processing file: /home/mustofa/Documents/tamjid/2. ASRAMA IMAM MALIKI/MP_04516.JPG (9.4MB)
2026-06-24 22:18:34 - [DEBUG] - remove_background:96 - Background removed in 22.66s
2026-06-24 22:18:37 - [DEBUG] - remove_background:130 - Successfully saved: /home/mustofa/Documents/tamjid_output/2. ASRAMA IMAM MALIKI/MP_04516.png (total: 25.67s)
2026-06-24 22:18:37 - [INFO] - _process_worker:155 - ✅ Success: MP_04516.JPG
2026-06-24 22:18:38 - [INFO] - _process_worker:147 - [7/68] Processing: MP_04511.JPG
2026-06-24 22:18:38 - [DEBUG] - remove_background:48 - Processing file: /home/mustofa/Documents/tamjid/2. ASRAMA IMAM MALIKI/MP_04511.JPG (8.4MB)
2026-06-24 22:18:47 - [DEBUG] - remove_background:96 - Background removed in 9.56s
2026-06-24 22:18:50 - [DEBUG] - remove_background:130 - Successfully saved: /home/mustofa/Documents/tamjid_output/2. ASRAMA IMAM MALIKI/MP_04511.png (total: 12.83s)
2026-06-24 22:18:50 - [INFO] - _process_worker:155 - ✅ Success: MP_04511.JPG
2026-06-24 22:18:50 - [INFO] - _process_worker:147 - [8/68] Processing: MP_04503.JPG
2026-06-24 22:18:50 - [DEBUG] - remove_background:48 - Processing file: /home/mustofa/Documents/tamjid/2. ASRAMA IMAM MALIKI/MP_04503.JPG (8.4MB)
2026-06-24 22:18:59 - [DEBUG] - remove_background:96 - Background removed in 8.88s
2026-06-24 22:19:02 - [DEBUG] - remove_background:130 - Successfully saved: /home/mustofa/Documents/tamjid_output/2. ASRAMA IMAM MALIKI/MP_04503.png (total: 11.82s)
2026-06-24 22:19:02 - [INFO] - _process_worker:155 - ✅ Success: MP_04503.JPG
2026-06-24 22:19:02 - [INFO] - _process_worker:147 - [9/68] Processing: MP_04522.JPG
2026-06-24 22:19:02 - [DEBUG] - remove_background:48 - Processing file: /home/mustofa/Documents/tamjid/2. ASRAMA IMAM MALIKI/MP_04522.JPG (8.8MB)
2026-06-24 22:19:11 - [DEBUG] - remove_background:96 - Background removed in 8.83s
2026-06-24 22:19:14 - [DEBUG] - remove_background:130 - Successfully saved: /home/mustofa/Documents/tamjid_output/2. ASRAMA IMAM MALIKI/MP_04522.png (total: 12.12s)
2026-06-24 22:19:14 - [INFO] - _process_worker:155 - ✅ Success: MP_04522.JPG
2026-06-24 22:19:14 - [INFO] - _process_worker:147 - [10/68] Processing: MP_04527.JPG
2026-06-24 22:19:14 - [DEBUG] - remove_background:48 - Processing file: /home/mustofa/Documents/tamjid/2. ASRAMA IMAM MALIKI/MP_04527.JPG (10.3MB)
2026-06-24 22:19:23 - [DEBUG] - remove_background:96 - Background removed in 8.95s
2026-06-24 22:19:27 - [DEBUG] - remove_background:130 - Successfully saved: /home/mustofa/Documents/tamjid_output/2. ASRAMA IMAM MALIKI/MP_04527.png (total: 12.68s)
2026-06-24 22:19:27 - [INFO] - _process_worker:155 - ✅ Success: MP_04527.JPG
2026-06-24 22:19:27 - [INFO] - _process_worker:147 - [11/68] Processing: MP_04487.JPG
2026-06-24 22:19:27 - [DEBUG] - remove_background:48 - Processing file: /home/mustofa/Documents/tamjid/2. ASRAMA IMAM MALIKI/MP_04487.JPG (8.7MB)
2026-06-24 22:19:36 - [DEBUG] - remove_background:96 - Background removed in 8.73s
2026-06-24 22:19:39 - [DEBUG] - remove_background:130 - Successfully saved: /home/mustofa/Documents/tamjid_output/2. ASRAMA IMAM MALIKI/MP_04487.png (total: 11.69s)
2026-06-24 22:19:39 - [INFO] - _process_worker:155 - ✅ Success: MP_04487.JPG
2026-06-24 22:19:39 - [INFO] - _process_worker:147 - [12/68] Processing: MP_04496.JPG
2026-06-24 22:19:39 - [DEBUG] - remove_background:48 - Processing file: /home/mustofa/Documents/tamjid/2. ASRAMA IMAM MALIKI/MP_04496.JPG (8.5MB)
2026-06-24 22:19:47 - [DEBUG] - remove_background:96 - Background removed in 8.36s
2026-06-24 22:19:51 - [DEBUG] - remove_background:130 - Successfully saved: /home/mustofa/Documents/tamjid_output/2. ASRAMA IMAM MALIKI/MP_04496.png (total: 11.81s)
2026-06-24 22:19:51 - [INFO] - _process_worker:155 - ✅ Success: MP_04496.JPG
2026-06-24 22:19:51 - [INFO] - _process_worker:147 - [13/68] Processing: MP_04510.JPG
2026-06-24 22:19:51 - [DEBUG] - remove_background:48 - Processing file: /home/mustofa/Documents/tamjid/2. ASRAMA IMAM MALIKI/MP_04510.JPG (7.9MB)
2026-06-24 22:19:59 - [DEBUG] - remove_background:96 - Background removed in 8.24s
2026-06-24 22:20:02 - [DEBUG] - remove_background:130 - Successfully saved: /home/mustofa/Documents/tamjid_output/2. ASRAMA IMAM MALIKI/MP_04510.png (total: 11.27s)
2026-06-24 22:20:02 - [INFO] - _process_worker:155 - ✅ Success: MP_04510.JPG
2026-06-24 22:20:02 - [INFO] - _process_worker:147 - [14/68] Processing: MP_04525.JPG
2026-06-24 22:20:02 - [DEBUG] - remove_background:48 - Processing file: /home/mustofa/Documents/tamjid/2. ASRAMA IMAM MALIKI/MP_04525.JPG (9.9MB)
2026-06-24 22:20:11 - [DEBUG] - remove_background:96 - Background removed in 8.58s
2026-06-24 22:20:14 - [DEBUG] - remove_background:130 - Successfully saved: /home/mustofa/Documents/tamjid_output/2. ASRAMA IMAM MALIKI/MP_04525.png (total: 12.14s)
2026-06-24 22:20:14 - [INFO] - _process_worker:155 - ✅ Success: MP_04525.JPG
2026-06-24 22:20:14 - [INFO] - _process_worker:147 - [15/68] Processing: MP_04495.JPG
2026-06-24 22:20:14 - [DEBUG] - remove_background:48 - Processing file: /home/mustofa/Documents/tamjid/2. ASRAMA IMAM MALIKI/MP_04495.JPG (7.8MB)
2026-06-24 22:20:23 - [DEBUG] - remove_background:96 - Background removed in 8.40s
2026-06-24 22:20:26 - [DEBUG] - remove_background:130 - Successfully saved: /home/mustofa/Documents/tamjid_output/2. ASRAMA IMAM MALIKI/MP_04495.png (total: 11.47s)
2026-06-24 22:20:26 - [INFO] - _process_worker:155 - ✅ Success: MP_04495.JPG
2026-06-24 22:20:26 - [INFO] - _process_worker:147 - [16/68] Processing: MP_04491.JPG
2026-06-24 22:20:26 - [DEBUG] - remove_background:48 - Processing file: /home/mustofa/Documents/tamjid/2. ASRAMA IMAM MALIKI/MP_04491.JPG (7.9MB)
2026-06-24 22:20:35 - [DEBUG] - remove_background:96 - Background removed in 8.63s
2026-06-24 22:20:38 - [DEBUG] - remove_background:130 - Successfully saved: /home/mustofa/Documents/tamjid_output/2. ASRAMA IMAM MALIKI/MP_04491.png (total: 11.95s)
2026-06-24 22:20:38 - [INFO] - _process_worker:155 - ✅ Success: MP_04491.JPG
2026-06-24 22:20:38 - [INFO] - _process_worker:147 - [17/68] Processing: MP_04529.JPG
2026-06-24 22:20:38 - [DEBUG] - remove_background:48 - Processing file: /home/mustofa/Documents/tamjid/2. ASRAMA IMAM MALIKI/MP_04529.JPG (9.2MB)
2026-06-24 22:20:47 - [DEBUG] - remove_background:96 - Background removed in 9.31s
2026-06-24 22:20:50 - [DEBUG] - remove_background:130 - Successfully saved: /home/mustofa/Documents/tamjid_output/2. ASRAMA IMAM MALIKI/MP_04529.png (total: 12.20s)
2026-06-24 22:20:50 - [INFO] - _process_worker:155 - ✅ Success: MP_04529.JPG
2026-06-24 22:20:50 - [INFO] - _process_worker:147 - [18/68] Processing: MP_04531.JPG
2026-06-24 22:20:50 - [DEBUG] - remove_background:48 - Processing file: /home/mustofa/Documents/tamjid/2. ASRAMA IMAM MALIKI/MP_04531.JPG (9.2MB)
2026-06-24 22:20:59 - [DEBUG] - remove_background:96 - Background removed in 9.07s
2026-06-24 22:21:02 - [DEBUG] - remove_background:130 - Successfully saved: /home/mustofa/Documents/tamjid_output/2. ASRAMA IMAM MALIKI/MP_04531.png (total: 12.24s)
2026-06-24 22:21:03 - [INFO] - _process_worker:155 - ✅ Success: MP_04531.JPG
2026-06-24 22:21:03 - [INFO] - _process_worker:147 - [19/68] Processing: MP_04517.JPG
2026-06-24 22:21:03 - [DEBUG] - remove_background:48 - Processing file: /home/mustofa/Documents/tamjid/2. ASRAMA IMAM MALIKI/MP_04517.JPG (8.7MB)
2026-06-24 22:21:12 - [DEBUG] - remove_background:96 - Background removed in 9.36s
2026-06-24 22:21:15 - [DEBUG] - remove_background:130 - Successfully saved: /home/mustofa/Documents/tamjid_output/2. ASRAMA IMAM MALIKI/MP_04517.png (total: 12.50s)
2026-06-24 22:21:15 - [INFO] - _process_worker:155 - ✅ Success: MP_04517.JPG
2026-06-24 22:21:15 - [INFO] - _process_worker:147 - [20/68] Processing: MP_04520.JPG
2026-06-24 22:21:15 - [DEBUG] - remove_background:48 - Processing file: /home/mustofa/Documents/tamjid/2. ASRAMA IMAM MALIKI/MP_04520.JPG (8.2MB)
2026-06-24 22:21:24 - [DEBUG] - remove_background:96 - Background removed in 8.95s
2026-06-24 22:21:27 - [DEBUG] - remove_background:130 - Successfully saved: /home/mustofa/Documents/tamjid_output/2. ASRAMA IMAM MALIKI/MP_04520.png (total: 11.96s)
2026-06-24 22:21:27 - [INFO] - _process_worker:155 - ✅ Success: MP_04520.JPG
2026-06-24 22:21:27 - [INFO] - _process_worker:147 - [21/68] Processing: MP_04509.JPG
2026-06-24 22:21:27 - [DEBUG] - remove_background:48 - Processing file: /home/mustofa/Documents/tamjid/2. ASRAMA IMAM MALIKI/MP_04509.JPG (9.1MB)
2026-06-24 22:21:37 - [DEBUG] - remove_background:96 - Background removed in 9.44s
2026-06-24 22:21:40 - [DEBUG] - remove_background:130 - Successfully saved: /home/mustofa/Documents/tamjid_output/2. ASRAMA IMAM MALIKI/MP_04509.png (total: 12.77s)
2026-06-24 22:21:40 - [INFO] - _process_worker:155 - ✅ Success: MP_04509.JPG
2026-06-24 22:21:40 - [INFO] - _process_worker:147 - [22/68] Processing: MP_04494.JPG
2026-06-24 22:21:40 - [DEBUG] - remove_background:48 - Processing file: /home/mustofa/Documents/tamjid/2. ASRAMA IMAM MALIKI/MP_04494.JPG (8.5MB)
2026-06-24 22:21:49 - [DEBUG] - remove_background:96 - Background removed in 9.07s
2026-06-24 22:21:52 - [DEBUG] - remove_background:130 - Successfully saved: /home/mustofa/Documents/tamjid_output/2. ASRAMA IMAM MALIKI/MP_04494.png (total: 12.34s)
2026-06-24 22:21:52 - [INFO] - _process_worker:155 - ✅ Success: MP_04494.JPG
2026-06-24 22:21:52 - [INFO] - _process_worker:147 - [23/68] Processing: MP_04512.JPG
2026-06-24 22:21:52 - [DEBUG] - remove_background:48 - Processing file: /home/mustofa/Documents/tamjid/2. ASRAMA IMAM MALIKI/MP_04512.JPG (8.7MB)
2026-06-24 22:22:01 - [DEBUG] - remove_background:96 - Background removed in 8.64s
2026-06-24 22:22:04 - [DEBUG] - remove_background:130 - Successfully saved: /home/mustofa/Documents/tamjid_output/2. ASRAMA IMAM MALIKI/MP_04512.png (total: 11.75s)
2026-06-24 22:22:04 - [INFO] - _process_worker:155 - ✅ Success: MP_04512.JPG
2026-06-24 22:22:04 - [INFO] - _process_worker:147 - [24/68] Processing: MP_04499.JPG
2026-06-24 22:22:04 - [DEBUG] - remove_background:48 - Processing file: /home/mustofa/Documents/tamjid/2. ASRAMA IMAM MALIKI/MP_04499.JPG (8.8MB)
2026-06-24 22:22:13 - [DEBUG] - remove_background:96 - Background removed in 8.73s
2026-06-24 22:22:16 - [DEBUG] - remove_background:130 - Successfully saved: /home/mustofa/Documents/tamjid_output/2. ASRAMA IMAM MALIKI/MP_04499.png (total: 11.92s)
2026-06-24 22:22:16 - [INFO] - _process_worker:155 - ✅ Success: MP_04499.JPG
2026-06-24 22:22:16 - [INFO] - _process_worker:147 - [25/68] Processing: MP_04530.JPG
2026-06-24 22:22:16 - [DEBUG] - remove_background:48 - Processing file: /home/mustofa/Documents/tamjid/2. ASRAMA IMAM MALIKI/MP_04530.JPG (9.1MB)
2026-06-24 22:22:25 - [DEBUG] - remove_background:96 - Background removed in 8.69s
2026-06-24 22:22:28 - [DEBUG] - remove_background:130 - Successfully saved: /home/mustofa/Documents/tamjid_output/2. ASRAMA IMAM MALIKI/MP_04530.png (total: 11.93s)
2026-06-24 22:22:28 - [INFO] - _process_worker:155 - ✅ Success: MP_04530.JPG
2026-06-24 22:22:28 - [INFO] - _process_worker:147 - [26/68] Processing: MP_04523.JPG
2026-06-24 22:22:28 - [DEBUG] - remove_background:48 - Processing file: /home/mustofa/Documents/tamjid/2. ASRAMA IMAM MALIKI/MP_04523.JPG (8.6MB)
2026-06-24 22:22:37 - [DEBUG] - remove_background:96 - Background removed in 8.54s
2026-06-24 22:22:40 - [DEBUG] - remove_background:130 - Successfully saved: /home/mustofa/Documents/tamjid_output/2. ASRAMA IMAM MALIKI/MP_04523.png (total: 11.67s)
2026-06-24 22:22:40 - [INFO] - _process_worker:155 - ✅ Success: MP_04523.JPG
2026-06-24 22:22:40 - [INFO] - _process_worker:147 - [27/68] Processing: MP_04507.JPG
2026-06-24 22:22:40 - [DEBUG] - remove_background:48 - Processing file: /home/mustofa/Documents/tamjid/2. ASRAMA IMAM MALIKI/MP_04507.JPG (8.3MB)
2026-06-24 22:22:49 - [DEBUG] - remove_background:96 - Background removed in 8.70s
2026-06-24 22:22:52 - [DEBUG] - remove_background:130 - Successfully saved: /home/mustofa/Documents/tamjid_output/2. ASRAMA IMAM MALIKI/MP_04507.png (total: 11.97s)
2026-06-24 22:22:52 - [INFO] - _process_worker:155 - ✅ Success: MP_04507.JPG
2026-06-24 22:22:52 - [INFO] - _process_worker:147 - [28/68] Processing: MP_04514.JPG
2026-06-24 22:22:52 - [DEBUG] - remove_background:48 - Processing file: /home/mustofa/Documents/tamjid/2. ASRAMA IMAM MALIKI/MP_04514.JPG (9.0MB)
2026-06-24 22:23:00 - [DEBUG] - remove_background:96 - Background removed in 8.51s
2026-06-24 22:23:03 - [DEBUG] - remove_background:130 - Successfully saved: /home/mustofa/Documents/tamjid_output/2. ASRAMA IMAM MALIKI/MP_04514.png (total: 11.25s)
2026-06-24 22:23:03 - [INFO] - _process_worker:155 - ✅ Success: MP_04514.JPG
2026-06-24 22:23:03 - [INFO] - _process_worker:147 - [29/68] Processing: MP_04518.JPG
2026-06-24 22:23:03 - [DEBUG] - remove_background:48 - Processing file: /home/mustofa/Documents/tamjid/2. ASRAMA IMAM MALIKI/MP_04518.JPG (9.4MB)
2026-06-24 22:23:12 - [DEBUG] - remove_background:96 - Background removed in 8.94s
2026-06-24 22:23:15 - [DEBUG] - remove_background:130 - Successfully saved: /home/mustofa/Documents/tamjid_output/2. ASRAMA IMAM MALIKI/MP_04518.png (total: 11.72s)
2026-06-24 22:23:15 - [INFO] - _process_worker:155 - ✅ Success: MP_04518.JPG
2026-06-24 22:23:15 - [INFO] - _process_worker:147 - [30/68] Processing: MP_04524.JPG
2026-06-24 22:23:15 - [DEBUG] - remove_background:48 - Processing file: /home/mustofa/Documents/tamjid/2. ASRAMA IMAM MALIKI/MP_04524.JPG (9.0MB)
2026-06-24 22:23:24 - [DEBUG] - remove_background:96 - Background removed in 9.06s
2026-06-24 22:23:27 - [DEBUG] - remove_background:130 - Successfully saved: /home/mustofa/Documents/tamjid_output/2. ASRAMA IMAM MALIKI/MP_04524.png (total: 12.40s)
2026-06-24 22:23:27 - [INFO] - _process_worker:155 - ✅ Success: MP_04524.JPG
2026-06-24 22:23:27 - [INFO] - _process_worker:147 - [31/68] Processing: MP_04521.JPG
2026-06-24 22:23:27 - [DEBUG] - remove_background:48 - Processing file: /home/mustofa/Documents/tamjid/2. ASRAMA IMAM MALIKI/MP_04521.JPG (9.5MB)
2026-06-24 22:23:36 - [DEBUG] - remove_background:96 - Background removed in 8.41s
2026-06-24 22:23:39 - [DEBUG] - remove_background:130 - Successfully saved: /home/mustofa/Documents/tamjid_output/2. ASRAMA IMAM MALIKI/MP_04521.png (total: 11.22s)
2026-06-24 22:23:39 - [INFO] - _process_worker:155 - ✅ Success: MP_04521.JPG
2026-06-24 22:23:39 - [INFO] - _process_worker:147 - [32/68] Processing: MP_04519.JPG
2026-06-24 22:23:39 - [DEBUG] - remove_background:48 - Processing file: /home/mustofa/Documents/tamjid/2. ASRAMA IMAM MALIKI/MP_04519.JPG (8.8MB)
2026-06-24 22:23:47 - [DEBUG] - remove_background:96 - Background removed in 8.62s
2026-06-24 22:23:50 - [DEBUG] - remove_background:130 - Successfully saved: /home/mustofa/Documents/tamjid_output/2. ASRAMA IMAM MALIKI/MP_04519.png (total: 11.70s)
2026-06-24 22:23:50 - [INFO] - _process_worker:155 - ✅ Success: MP_04519.JPG
2026-06-24 22:23:50 - [INFO] - _process_worker:147 - [33/68] Processing: MP_04488.JPG
2026-06-24 22:23:50 - [DEBUG] - remove_background:48 - Processing file: /home/mustofa/Documents/tamjid/2. ASRAMA IMAM MALIKI/MP_04488.JPG (8.4MB)
2026-06-24 22:23:59 - [DEBUG] - remove_background:96 - Background removed in 8.92s
2026-06-24 22:24:02 - [DEBUG] - remove_background:130 - Successfully saved: /home/mustofa/Documents/tamjid_output/2. ASRAMA IMAM MALIKI/MP_04488.png (total: 11.97s)
2026-06-24 22:24:02 - [INFO] - _process_worker:155 - ✅ Success: MP_04488.JPG
2026-06-24 22:24:02 - [INFO] - _process_worker:147 - [34/68] Processing: MP_04515.JPG
2026-06-24 22:24:02 - [DEBUG] - remove_background:48 - Processing file: /home/mustofa/Documents/tamjid/2. ASRAMA IMAM MALIKI/MP_04515.JPG (9.8MB)
2026-06-24 22:24:11 - [DEBUG] - remove_background:96 - Background removed in 8.70s
2026-06-24 22:24:14 - [DEBUG] - remove_background:130 - Successfully saved: /home/mustofa/Documents/tamjid_output/2. ASRAMA IMAM MALIKI/MP_04515.png (total: 11.88s)
2026-06-24 22:24:14 - [INFO] - _process_worker:155 - ✅ Success: MP_04515.JPG
2026-06-24 22:24:14 - [INFO] - _process_worker:147 - [35/68] Processing: MP_04517.png
2026-06-24 22:24:14 - [DEBUG] - remove_background:48 - Processing file: /home/mustofa/Documents/tamjid/2. ASRAMA IMAM MALIKI/IMAM MALIKI/MP_04517.png (13.8MB)
2026-06-24 22:24:24 - [DEBUG] - remove_background:96 - Background removed in 9.61s
2026-06-24 22:24:27 - [DEBUG] - remove_background:130 - Successfully saved: /home/mustofa/Documents/tamjid_output/2. ASRAMA IMAM MALIKI/IMAM MALIKI/MP_04517.png (total: 12.82s)
2026-06-24 22:24:27 - [INFO] - _process_worker:155 - ✅ Success: MP_04517.png
2026-06-24 22:24:27 - [INFO] - _process_worker:147 - [36/68] Processing: MP_04493.png
2026-06-24 22:24:27 - [DEBUG] - remove_background:48 - Processing file: /home/mustofa/Documents/tamjid/2. ASRAMA IMAM MALIKI/IMAM MALIKI/MP_04493.png (15.1MB)
2026-06-24 22:24:37 - [DEBUG] - remove_background:96 - Background removed in 9.46s
2026-06-24 22:24:40 - [DEBUG] - remove_background:130 - Successfully saved: /home/mustofa/Documents/tamjid_output/2. ASRAMA IMAM MALIKI/IMAM MALIKI/MP_04493.png (total: 13.00s)
2026-06-24 22:24:40 - [INFO] - _process_worker:155 - ✅ Success: MP_04493.png
2026-06-24 22:24:40 - [INFO] - _process_worker:147 - [37/68] Processing: MP_04519.png
2026-06-24 22:24:40 - [DEBUG] - remove_background:48 - Processing file: /home/mustofa/Documents/tamjid/2. ASRAMA IMAM MALIKI/IMAM MALIKI/MP_04519.png (13.8MB)
2026-06-24 22:24:50 - [DEBUG] - remove_background:96 - Background removed in 9.79s
2026-06-24 22:24:54 - [DEBUG] - remove_background:130 - Successfully saved: /home/mustofa/Documents/tamjid_output/2. ASRAMA IMAM MALIKI/IMAM MALIKI/MP_04519.png (total: 13.15s)
2026-06-24 22:24:54 - [INFO] - _process_worker:155 - ✅ Success: MP_04519.png
2026-06-24 22:24:54 - [INFO] - _process_worker:147 - [38/68] Processing: MP_04511.png
2026-06-24 22:24:54 - [DEBUG] - remove_background:48 - Processing file: /home/mustofa/Documents/tamjid/2. ASRAMA IMAM MALIKI/IMAM MALIKI/MP_04511.png (16.2MB)
2026-06-24 22:25:02 - [DEBUG] - remove_background:96 - Background removed in 8.88s
2026-06-24 22:25:06 - [DEBUG] - remove_background:130 - Successfully saved: /home/mustofa/Documents/tamjid_output/2. ASRAMA IMAM MALIKI/IMAM MALIKI/MP_04511.png (total: 12.51s)
2026-06-24 22:25:06 - [INFO] - _process_worker:155 - ✅ Success: MP_04511.png
2026-06-24 22:25:06 - [INFO] - _process_worker:147 - [39/68] Processing: MP_04518.png
2026-06-24 22:25:06 - [DEBUG] - remove_background:48 - Processing file: /home/mustofa/Documents/tamjid/2. ASRAMA IMAM MALIKI/IMAM MALIKI/MP_04518.png (14.8MB)
2026-06-24 22:25:14 - [DEBUG] - remove_background:96 - Background removed in 7.38s
2026-06-24 22:25:16 - [DEBUG] - remove_background:130 - Successfully saved: /home/mustofa/Documents/tamjid_output/2. ASRAMA IMAM MALIKI/IMAM MALIKI/MP_04518.png (total: 10.32s)
2026-06-24 22:25:17 - [INFO] - _process_worker:155 - ✅ Success: MP_04518.png
2026-06-24 22:25:17 - [INFO] - _process_worker:147 - [40/68] Processing: MP_04532.png
2026-06-24 22:25:17 - [DEBUG] - remove_background:48 - Processing file: /home/mustofa/Documents/tamjid/2. ASRAMA IMAM MALIKI/IMAM MALIKI/MP_04532.png (14.9MB)
2026-06-24 22:25:26 - [DEBUG] - remove_background:96 - Background removed in 9.08s
2026-06-24 22:25:29 - [DEBUG] - remove_background:130 - Successfully saved: /home/mustofa/Documents/tamjid_output/2. ASRAMA IMAM MALIKI/IMAM MALIKI/MP_04532.png (total: 12.65s)
2026-06-24 22:25:29 - [INFO] - _process_worker:155 - ✅ Success: MP_04532.png
2026-06-24 22:25:29 - [INFO] - _process_worker:147 - [41/68] Processing: MP_04509.png
2026-06-24 22:25:29 - [DEBUG] - remove_background:48 - Processing file: /home/mustofa/Documents/tamjid/2. ASRAMA IMAM MALIKI/IMAM MALIKI/MP_04509.png (16.8MB)
2026-06-24 22:25:38 - [DEBUG] - remove_background:96 - Background removed in 9.07s
2026-06-24 22:25:42 - [DEBUG] - remove_background:130 - Successfully saved: /home/mustofa/Documents/tamjid_output/2. ASRAMA IMAM MALIKI/IMAM MALIKI/MP_04509.png (total: 13.00s)
2026-06-24 22:25:42 - [INFO] - _process_worker:155 - ✅ Success: MP_04509.png
2026-06-24 22:25:42 - [INFO] - _process_worker:147 - [42/68] Processing: MP_04505.png
2026-06-24 22:25:42 - [DEBUG] - remove_background:48 - Processing file: /home/mustofa/Documents/tamjid/2. ASRAMA IMAM MALIKI/IMAM MALIKI/MP_04505.png (14.9MB)
2026-06-24 22:25:51 - [DEBUG] - remove_background:96 - Background removed in 8.59s
2026-06-24 22:25:54 - [DEBUG] - remove_background:130 - Successfully saved: /home/mustofa/Documents/tamjid_output/2. ASRAMA IMAM MALIKI/IMAM MALIKI/MP_04505.png (total: 11.81s)
2026-06-24 22:25:54 - [INFO] - _process_worker:155 - ✅ Success: MP_04505.png
2026-06-24 22:25:54 - [INFO] - _process_worker:147 - [43/68] Processing: MP_04491.png
2026-06-24 22:25:54 - [DEBUG] - remove_background:48 - Processing file: /home/mustofa/Documents/tamjid/2. ASRAMA IMAM MALIKI/IMAM MALIKI/MP_04491.png (16.3MB)
2026-06-24 22:26:03 - [DEBUG] - remove_background:96 - Background removed in 8.62s
2026-06-24 22:26:06 - [DEBUG] - remove_background:130 - Successfully saved: /home/mustofa/Documents/tamjid_output/2. ASRAMA IMAM MALIKI/IMAM MALIKI/MP_04491.png (total: 12.24s)
2026-06-24 22:26:06 - [INFO] - _process_worker:155 - ✅ Success: MP_04491.png
2026-06-24 22:26:06 - [INFO] - _process_worker:147 - [44/68] Processing: MP_04496.png
2026-06-24 22:26:06 - [DEBUG] - remove_background:48 - Processing file: /home/mustofa/Documents/tamjid/2. ASRAMA IMAM MALIKI/IMAM MALIKI/MP_04496.png (16.6MB)
2026-06-24 22:26:15 - [DEBUG] - remove_background:96 - Background removed in 8.71s
2026-06-24 22:26:19 - [DEBUG] - remove_background:130 - Successfully saved: /home/mustofa/Documents/tamjid_output/2. ASRAMA IMAM MALIKI/IMAM MALIKI/MP_04496.png (total: 12.41s)
2026-06-24 22:26:19 - [INFO] - _process_worker:155 - ✅ Success: MP_04496.png
2026-06-24 22:26:19 - [INFO] - _process_worker:147 - [45/68] Processing: MP_04510.png
2026-06-24 22:26:19 - [DEBUG] - remove_background:48 - Processing file: /home/mustofa/Documents/tamjid/2. ASRAMA IMAM MALIKI/IMAM MALIKI/MP_04510.png (13.0MB)
2026-06-24 22:26:27 - [DEBUG] - remove_background:96 - Background removed in 8.41s
2026-06-24 22:26:30 - [DEBUG] - remove_background:130 - Successfully saved: /home/mustofa/Documents/tamjid_output/2. ASRAMA IMAM MALIKI/IMAM MALIKI/MP_04510.png (total: 11.56s)
2026-06-24 22:26:31 - [INFO] - _process_worker:155 - ✅ Success: MP_04510.png
2026-06-24 22:26:31 - [INFO] - _process_worker:147 - [46/68] Processing: MP_04531.png
2026-06-24 22:26:31 - [DEBUG] - remove_background:48 - Processing file: /home/mustofa/Documents/tamjid/2. ASRAMA IMAM MALIKI/IMAM MALIKI/MP_04531.png (14.0MB)
2026-06-24 22:26:39 - [DEBUG] - remove_background:96 - Background removed in 8.43s
2026-06-24 22:26:42 - [DEBUG] - remove_background:130 - Successfully saved: /home/mustofa/Documents/tamjid_output/2. ASRAMA IMAM MALIKI/IMAM MALIKI/MP_04531.png (total: 11.68s)
2026-06-24 22:26:42 - [INFO] - _process_worker:155 - ✅ Success: MP_04531.png
2026-06-24 22:26:42 - [INFO] - _process_worker:147 - [47/68] Processing: MP_04520.png
2026-06-24 22:26:42 - [DEBUG] - remove_background:48 - Processing file: /home/mustofa/Documents/tamjid/2. ASRAMA IMAM MALIKI/IMAM MALIKI/MP_04520.png (15.1MB)
2026-06-24 22:26:51 - [DEBUG] - remove_background:96 - Background removed in 8.62s
2026-06-24 22:26:54 - [DEBUG] - remove_background:130 - Successfully saved: /home/mustofa/Documents/tamjid_output/2. ASRAMA IMAM MALIKI/IMAM MALIKI/MP_04520.png (total: 11.87s)
2026-06-24 22:26:54 - [INFO] - _process_worker:155 - ✅ Success: MP_04520.png
2026-06-24 22:26:54 - [INFO] - _process_worker:147 - [48/68] Processing: MP_04522.png
2026-06-24 22:26:54 - [DEBUG] - remove_background:48 - Processing file: /home/mustofa/Documents/tamjid/2. ASRAMA IMAM MALIKI/IMAM MALIKI/MP_04522.png (15.1MB)
2026-06-24 22:27:03 - [DEBUG] - remove_background:96 - Background removed in 8.73s
2026-06-24 22:27:07 - [DEBUG] - remove_background:130 - Successfully saved: /home/mustofa/Documents/tamjid_output/2. ASRAMA IMAM MALIKI/IMAM MALIKI/MP_04522.png (total: 12.36s)
2026-06-24 22:27:07 - [INFO] - _process_worker:155 - ✅ Success: MP_04522.png
2026-06-24 22:27:07 - [INFO] - _process_worker:147 - [49/68] Processing: MP_04521.png
2026-06-24 22:27:07 - [DEBUG] - remove_background:48 - Processing file: /home/mustofa/Documents/tamjid/2. ASRAMA IMAM MALIKI/IMAM MALIKI/MP_04521.png (16.4MB)
2026-06-24 22:27:15 - [DEBUG] - remove_background:96 - Background removed in 8.54s
2026-06-24 22:27:18 - [DEBUG] - remove_background:130 - Successfully saved: /home/mustofa/Documents/tamjid_output/2. ASRAMA IMAM MALIKI/IMAM MALIKI/MP_04521.png (total: 11.89s)
2026-06-24 22:27:19 - [INFO] - _process_worker:155 - ✅ Success: MP_04521.png
2026-06-24 22:27:19 - [INFO] - _process_worker:147 - [50/68] Processing: MP_04499.png
2026-06-24 22:27:19 - [DEBUG] - remove_background:48 - Processing file: /home/mustofa/Documents/tamjid/2. ASRAMA IMAM MALIKI/IMAM MALIKI/MP_04499.png (16.4MB)
2026-06-24 22:27:27 - [DEBUG] - remove_background:96 - Background removed in 8.78s
2026-06-24 22:27:31 - [DEBUG] - remove_background:130 - Successfully saved: /home/mustofa/Documents/tamjid_output/2. ASRAMA IMAM MALIKI/IMAM MALIKI/MP_04499.png (total: 12.50s)
2026-06-24 22:27:31 - [INFO] - _process_worker:155 - ✅ Success: MP_04499.png
2026-06-24 22:27:31 - [INFO] - _process_worker:147 - [51/68] Processing: MP_04503.png
2026-06-24 22:27:31 - [DEBUG] - remove_background:48 - Processing file: /home/mustofa/Documents/tamjid/2. ASRAMA IMAM MALIKI/IMAM MALIKI/MP_04503.png (13.9MB)
2026-06-24 22:27:40 - [DEBUG] - remove_background:96 - Background removed in 8.50s
2026-06-24 22:27:43 - [DEBUG] - remove_background:130 - Successfully saved: /home/mustofa/Documents/tamjid_output/2. ASRAMA IMAM MALIKI/IMAM MALIKI/MP_04503.png (total: 11.75s)
2026-06-24 22:27:43 - [INFO] - _process_worker:155 - ✅ Success: MP_04503.png
2026-06-24 22:27:43 - [INFO] - _process_worker:147 - [52/68] Processing: MP_04527.png
2026-06-24 22:27:43 - [DEBUG] - remove_background:48 - Processing file: /home/mustofa/Documents/tamjid/2. ASRAMA IMAM MALIKI/IMAM MALIKI/MP_04527.png (18.8MB)
2026-06-24 22:27:52 - [DEBUG] - remove_background:96 - Background removed in 9.44s
2026-06-24 22:27:57 - [DEBUG] - remove_background:130 - Successfully saved: /home/mustofa/Documents/tamjid_output/2. ASRAMA IMAM MALIKI/IMAM MALIKI/MP_04527.png (total: 13.68s)
2026-06-24 22:27:57 - [INFO] - _process_worker:155 - ✅ Success: MP_04527.png
2026-06-24 22:27:57 - [INFO] - _process_worker:147 - [53/68] Processing: MP_04487.png
2026-06-24 22:27:57 - [DEBUG] - remove_background:48 - Processing file: /home/mustofa/Documents/tamjid/2. ASRAMA IMAM MALIKI/IMAM MALIKI/MP_04487.png (17.6MB)
2026-06-24 22:28:06 - [DEBUG] - remove_background:96 - Background removed in 9.12s
2026-06-24 22:28:09 - [DEBUG] - remove_background:130 - Successfully saved: /home/mustofa/Documents/tamjid_output/2. ASRAMA IMAM MALIKI/IMAM MALIKI/MP_04487.png (total: 12.76s)
2026-06-24 22:28:09 - [INFO] - _process_worker:155 - ✅ Success: MP_04487.png
2026-06-24 22:28:09 - [INFO] - _process_worker:147 - [54/68] Processing: MP_04494.png
2026-06-24 22:28:09 - [DEBUG] - remove_background:48 - Processing file: /home/mustofa/Documents/tamjid/2. ASRAMA IMAM MALIKI/IMAM MALIKI/MP_04494.png (16.0MB)
2026-06-24 22:28:18 - [DEBUG] - remove_background:96 - Background removed in 8.93s
2026-06-24 22:28:22 - [DEBUG] - remove_background:130 - Successfully saved: /home/mustofa/Documents/tamjid_output/2. ASRAMA IMAM MALIKI/IMAM MALIKI/MP_04494.png (total: 12.37s)
2026-06-24 22:28:22 - [INFO] - _process_worker:155 - ✅ Success: MP_04494.png
2026-06-24 22:28:22 - [INFO] - _process_worker:147 - [55/68] Processing: MP_04524.png
2026-06-24 22:28:22 - [DEBUG] - remove_background:48 - Processing file: /home/mustofa/Documents/tamjid/2. ASRAMA IMAM MALIKI/IMAM MALIKI/MP_04524.png (16.1MB)
2026-06-24 22:28:31 - [DEBUG] - remove_background:96 - Background removed in 9.05s
2026-06-24 22:28:35 - [DEBUG] - remove_background:130 - Successfully saved: /home/mustofa/Documents/tamjid_output/2. ASRAMA IMAM MALIKI/IMAM MALIKI/MP_04524.png (total: 12.62s)
2026-06-24 22:28:35 - [INFO] - _process_worker:155 - ✅ Success: MP_04524.png
2026-06-24 22:28:35 - [INFO] - _process_worker:147 - [56/68] Processing: MP_04502.png
2026-06-24 22:28:35 - [DEBUG] - remove_background:48 - Processing file: /home/mustofa/Documents/tamjid/2. ASRAMA IMAM MALIKI/IMAM MALIKI/MP_04502.png (15.6MB)
2026-06-24 22:28:43 - [DEBUG] - remove_background:96 - Background removed in 8.75s
2026-06-24 22:28:47 - [DEBUG] - remove_background:130 - Successfully saved: /home/mustofa/Documents/tamjid_output/2. ASRAMA IMAM MALIKI/IMAM MALIKI/MP_04502.png (total: 12.23s)
2026-06-24 22:28:47 - [INFO] - _process_worker:155 - ✅ Success: MP_04502.png
2026-06-24 22:28:47 - [INFO] - _process_worker:147 - [57/68] Processing: MP_04507.png
2026-06-24 22:28:47 - [DEBUG] - remove_background:48 - Processing file: /home/mustofa/Documents/tamjid/2. ASRAMA IMAM MALIKI/IMAM MALIKI/MP_04507.png (15.7MB)
2026-06-24 22:28:56 - [DEBUG] - remove_background:96 - Background removed in 8.84s
2026-06-24 22:28:59 - [DEBUG] - remove_background:130 - Successfully saved: /home/mustofa/Documents/tamjid_output/2. ASRAMA IMAM MALIKI/IMAM MALIKI/MP_04507.png (total: 12.17s)
2026-06-24 22:28:59 - [INFO] - _process_worker:155 - ✅ Success: MP_04507.png
2026-06-24 22:28:59 - [INFO] - _process_worker:147 - [58/68] Processing: MP_04515.png
2026-06-24 22:28:59 - [DEBUG] - remove_background:48 - Processing file: /home/mustofa/Documents/tamjid/2. ASRAMA IMAM MALIKI/IMAM MALIKI/MP_04515.png (15.8MB)
2026-06-24 22:29:08 - [DEBUG] - remove_background:96 - Background removed in 8.65s
2026-06-24 22:29:11 - [DEBUG] - remove_background:130 - Successfully saved: /home/mustofa/Documents/tamjid_output/2. ASRAMA IMAM MALIKI/IMAM MALIKI/MP_04515.png (total: 12.25s)
2026-06-24 22:29:11 - [INFO] - _process_worker:155 - ✅ Success: MP_04515.png
2026-06-24 22:29:11 - [INFO] - _process_worker:147 - [59/68] Processing: MP_04529.png
2026-06-24 22:29:11 - [DEBUG] - remove_background:48 - Processing file: /home/mustofa/Documents/tamjid/2. ASRAMA IMAM MALIKI/IMAM MALIKI/MP_04529.png (13.9MB)
2026-06-24 22:29:20 - [DEBUG] - remove_background:96 - Background removed in 8.54s
2026-06-24 22:29:23 - [DEBUG] - remove_background:130 - Successfully saved: /home/mustofa/Documents/tamjid_output/2. ASRAMA IMAM MALIKI/IMAM MALIKI/MP_04529.png (total: 11.63s)
2026-06-24 22:29:23 - [INFO] - _process_worker:155 - ✅ Success: MP_04529.png
2026-06-24 22:29:23 - [INFO] - _process_worker:147 - [60/68] Processing: MP_04514.png
2026-06-24 22:29:23 - [DEBUG] - remove_background:48 - Processing file: /home/mustofa/Documents/tamjid/2. ASRAMA IMAM MALIKI/IMAM MALIKI/MP_04514.png (14.4MB)
2026-06-24 22:29:32 - [DEBUG] - remove_background:96 - Background removed in 8.61s
2026-06-24 22:29:35 - [DEBUG] - remove_background:130 - Successfully saved: /home/mustofa/Documents/tamjid_output/2. ASRAMA IMAM MALIKI/IMAM MALIKI/MP_04514.png (total: 11.61s)
2026-06-24 22:29:35 - [INFO] - _process_worker:155 - ✅ Success: MP_04514.png
2026-06-24 22:29:35 - [INFO] - _process_worker:147 - [61/68] Processing: MP_04492.png
2026-06-24 22:29:35 - [DEBUG] - remove_background:48 - Processing file: /home/mustofa/Documents/tamjid/2. ASRAMA IMAM MALIKI/IMAM MALIKI/MP_04492.png (18.4MB)
2026-06-24 22:29:44 - [DEBUG] - remove_background:96 - Background removed in 9.07s
2026-06-24 22:29:48 - [DEBUG] - remove_background:130 - Successfully saved: /home/mustofa/Documents/tamjid_output/2. ASRAMA IMAM MALIKI/IMAM MALIKI/MP_04492.png (total: 13.05s)
2026-06-24 22:29:48 - [INFO] - _process_worker:155 - ✅ Success: MP_04492.png
2026-06-24 22:29:48 - [INFO] - _process_worker:147 - [62/68] Processing: MP_04495.png
2026-06-24 22:29:48 - [DEBUG] - remove_background:48 - Processing file: /home/mustofa/Documents/tamjid/2. ASRAMA IMAM MALIKI/IMAM MALIKI/MP_04495.png (14.8MB)
2026-06-24 22:29:58 - [DEBUG] - remove_background:96 - Background removed in 9.84s
2026-06-24 22:30:01 - [DEBUG] - remove_background:130 - Successfully saved: /home/mustofa/Documents/tamjid_output/2. ASRAMA IMAM MALIKI/IMAM MALIKI/MP_04495.png (total: 13.21s)
2026-06-24 22:30:01 - [INFO] - _process_worker:155 - ✅ Success: MP_04495.png
2026-06-24 22:30:01 - [INFO] - _process_worker:147 - [63/68] Processing: MP_04512.png
2026-06-24 22:30:01 - [DEBUG] - remove_background:48 - Processing file: /home/mustofa/Documents/tamjid/2. ASRAMA IMAM MALIKI/IMAM MALIKI/MP_04512.png (14.2MB)
2026-06-24 22:30:11 - [DEBUG] - remove_background:96 - Background removed in 9.40s
2026-06-24 22:30:14 - [DEBUG] - remove_background:130 - Successfully saved: /home/mustofa/Documents/tamjid_output/2. ASRAMA IMAM MALIKI/IMAM MALIKI/MP_04512.png (total: 12.78s)
2026-06-24 22:30:14 - [INFO] - _process_worker:155 - ✅ Success: MP_04512.png
2026-06-24 22:30:14 - [INFO] - _process_worker:147 - [64/68] Processing: MP_04516.png
2026-06-24 22:30:14 - [DEBUG] - remove_background:48 - Processing file: /home/mustofa/Documents/tamjid/2. ASRAMA IMAM MALIKI/IMAM MALIKI/MP_04516.png (16.1MB)
2026-06-24 22:30:23 - [DEBUG] - remove_background:96 - Background removed in 8.99s
2026-06-24 22:30:26 - [DEBUG] - remove_background:130 - Successfully saved: /home/mustofa/Documents/tamjid_output/2. ASRAMA IMAM MALIKI/IMAM MALIKI/MP_04516.png (total: 12.34s)
2026-06-24 22:30:26 - [INFO] - _process_worker:155 - ✅ Success: MP_04516.png
2026-06-24 22:30:26 - [INFO] - _process_worker:147 - [65/68] Processing: MP_04488.png
2026-06-24 22:30:26 - [DEBUG] - remove_background:48 - Processing file: /home/mustofa/Documents/tamjid/2. ASRAMA IMAM MALIKI/IMAM MALIKI/MP_04488.png (15.8MB)
2026-06-24 22:30:37 - [DEBUG] - remove_background:96 - Background removed in 10.91s
2026-06-24 22:30:41 - [DEBUG] - remove_background:130 - Successfully saved: /home/mustofa/Documents/tamjid_output/2. ASRAMA IMAM MALIKI/IMAM MALIKI/MP_04488.png (total: 14.38s)
2026-06-24 22:30:41 - [INFO] - _process_worker:155 - ✅ Success: MP_04488.png
2026-06-24 22:30:41 - [INFO] - _process_worker:147 - [66/68] Processing: MP_04525.png
2026-06-24 22:30:41 - [DEBUG] - remove_background:48 - Processing file: /home/mustofa/Documents/tamjid/2. ASRAMA IMAM MALIKI/IMAM MALIKI/MP_04525.png (15.1MB)
2026-06-24 22:30:49 - [DEBUG] - remove_background:96 - Background removed in 7.73s
2026-06-24 22:30:52 - [DEBUG] - remove_background:130 - Successfully saved: /home/mustofa/Documents/tamjid_output/2. ASRAMA IMAM MALIKI/IMAM MALIKI/MP_04525.png (total: 10.92s)
2026-06-24 22:30:52 - [INFO] - _process_worker:155 - ✅ Success: MP_04525.png
2026-06-24 22:30:52 - [INFO] - _process_worker:147 - [67/68] Processing: MP_04523.png
2026-06-24 22:30:52 - [DEBUG] - remove_background:48 - Processing file: /home/mustofa/Documents/tamjid/2. ASRAMA IMAM MALIKI/IMAM MALIKI/MP_04523.png (14.3MB)
2026-06-24 22:31:01 - [DEBUG] - remove_background:96 - Background removed in 9.46s
2026-06-24 22:31:05 - [DEBUG] - remove_background:130 - Successfully saved: /home/mustofa/Documents/tamjid_output/2. ASRAMA IMAM MALIKI/IMAM MALIKI/MP_04523.png (total: 13.01s)
2026-06-24 22:31:05 - [INFO] - _process_worker:155 - ✅ Success: MP_04523.png
2026-06-24 22:31:05 - [INFO] - _process_worker:147 - [68/68] Processing: MP_04530.png
2026-06-24 22:31:05 - [DEBUG] - remove_background:48 - Processing file: /home/mustofa/Documents/tamjid/2. ASRAMA IMAM MALIKI/IMAM MALIKI/MP_04530.png (15.9MB)
2026-06-24 22:31:15 - [DEBUG] - remove_background:96 - Background removed in 10.14s
2026-06-24 22:31:19 - [DEBUG] - remove_background:130 - Successfully saved: /home/mustofa/Documents/tamjid_output/2. ASRAMA IMAM MALIKI/IMAM MALIKI/MP_04530.png (total: 13.61s)
2026-06-24 22:31:19 - [INFO] - _process_worker:155 - ✅ Success: MP_04530.png
2026-06-24 22:31:19 - [INFO] - _process_worker:184 - 
============================================================
2026-06-24 22:31:19 - [INFO] - _process_worker:185 - ✅ BATCH PROCESS COMPLETED
2026-06-24 22:31:19 - [INFO] - _process_worker:186 - ============================================================
2026-06-24 22:31:19 - [INFO] - _log_summary:201 - 📊 Processing Summary:
2026-06-24 22:31:19 - [INFO] - _log_summary:202 -    ✅ Success: 68/68 (100.0%)
2026-06-24 22:31:19 - [INFO] - _log_summary:203 -    ❌ Failed: 0
2026-06-24 22:31:19 - [INFO] - _log_summary:204 -    🔄 Retries: 0
2026-06-24 22:31:19 - [INFO] - _log_summary:205 -    ⏱️  Total time: 937.2s
2026-06-24 22:31:19 - [INFO] - _log_summary:209 -    ⏱️  Average per file: 13.78s
2026-06-24 22:31:19 - [INFO] - _log_summary:218 - ============================================================
