2026-06-24 21:27:46 - [INFO] - scan_for_images:70 - Scanning folder: /home/mustofa/Documents/tamjid
2026-06-24 21:27:46 - [DEBUG] - scan_for_images:88 - Invalid image skipped: /home/mustofa/Documents/tamjid/1. ASRAMA IMAM GHAZALI/MP_04535.JPG - Format PIL tidak didukung: MPO
2026-06-24 21:27:46 - [DEBUG] - scan_for_images:88 - Invalid image skipped: /home/mustofa/Documents/tamjid/1. ASRAMA IMAM GHAZALI/MP_04570.JPG - Format PIL tidak didukung: MPO
2026-06-24 21:27:46 - [DEBUG] - scan_for_images:88 - Invalid image skipped: /home/mustofa/Documents/tamjid/1. ASRAMA IMAM GHAZALI/MP_04564.JPG - Format PIL tidak didukung: MPO
2026-06-24 21:27:46 - [DEBUG] - scan_for_images:88 - Invalid image skipped: /home/mustofa/Documents/tamjid/1. ASRAMA IMAM GHAZALI/MP_04549.JPG - Format PIL tidak didukung: MPO
2026-06-24 21:27:46 - [DEBUG] - scan_for_images:88 - Invalid image skipped: /home/mustofa/Documents/tamjid/1. ASRAMA IMAM GHAZALI/MP_04542.JPG - Format PIL tidak didukung: MPO
2026-06-24 21:27:46 - [DEBUG] - scan_for_images:88 - Invalid image skipped: /home/mustofa/Documents/tamjid/1. ASRAMA IMAM GHAZALI/MP_04540.JPG - Format PIL tidak didukung: MPO
2026-06-24 21:27:46 - [DEBUG] - scan_for_images:88 - Invalid image skipped: /home/mustofa/Documents/tamjid/1. ASRAMA IMAM GHAZALI/MP_04572.JPG - Format PIL tidak didukung: MPO
2026-06-24 21:27:46 - [DEBUG] - scan_for_images:88 - Invalid image skipped: /home/mustofa/Documents/tamjid/1. ASRAMA IMAM GHAZALI/MP_04543.JPG - Format PIL tidak didukung: MPO
2026-06-24 21:27:46 - [DEBUG] - scan_for_images:88 - Invalid image skipped: /home/mustofa/Documents/tamjid/1. ASRAMA IMAM GHAZALI/MP_04566.JPG - Format PIL tidak didukung: MPO
2026-06-24 21:27:46 - [DEBUG] - scan_for_images:88 - Invalid image skipped: /home/mustofa/Documents/tamjid/1. ASRAMA IMAM GHAZALI/MP_04539.JPG - Format PIL tidak didukung: MPO
2026-06-24 21:27:46 - [DEBUG] - scan_for_images:88 - Invalid image skipped: /home/mustofa/Documents/tamjid/1. ASRAMA IMAM GHAZALI/MP_04555.JPG - Format PIL tidak didukung: MPO
2026-06-24 21:27:46 - [DEBUG] - scan_for_images:88 - Invalid image skipped: /home/mustofa/Documents/tamjid/1. ASRAMA IMAM GHAZALI/MP_04554.JPG - Format PIL tidak didukung: MPO
2026-06-24 21:27:46 - [DEBUG] - scan_for_images:88 - Invalid image skipped: /home/mustofa/Documents/tamjid/1. ASRAMA IMAM GHAZALI/MP_04544.JPG - Format PIL tidak didukung: MPO
2026-06-24 21:27:46 - [DEBUG] - scan_for_images:88 - Invalid image skipped: /home/mustofa/Documents/tamjid/1. ASRAMA IMAM GHAZALI/MP_04551.JPG - Format PIL tidak didukung: MPO
2026-06-24 21:27:46 - [DEBUG] - scan_for_images:88 - Invalid image skipped: /home/mustofa/Documents/tamjid/1. ASRAMA IMAM GHAZALI/MP_04536.JPG - Format PIL tidak didukung: MPO
2026-06-24 21:27:46 - [DEBUG] - scan_for_images:88 - Invalid image skipped: /home/mustofa/Documents/tamjid/1. ASRAMA IMAM GHAZALI/MP_04573.JPG - Format PIL tidak didukung: MPO
2026-06-24 21:27:46 - [DEBUG] - scan_for_images:88 - Invalid image skipped: /home/mustofa/Documents/tamjid/1. ASRAMA IMAM GHAZALI/MP_04547.JPG - Format PIL tidak didukung: MPO
2026-06-24 21:27:46 - [DEBUG] - scan_for_images:88 - Invalid image skipped: /home/mustofa/Documents/tamjid/1. ASRAMA IMAM GHAZALI/MP_04556.JPG - Format PIL tidak didukung: MPO
2026-06-24 21:27:46 - [DEBUG] - scan_for_images:88 - Invalid image skipped: /home/mustofa/Documents/tamjid/1. ASRAMA IMAM GHAZALI/MP_04553.JPG - Format PIL tidak didukung: MPO
2026-06-24 21:27:46 - [DEBUG] - scan_for_images:88 - Invalid image skipped: /home/mustofa/Documents/tamjid/1. ASRAMA IMAM GHAZALI/MP_04561.JPG - Format PIL tidak didukung: MPO
2026-06-24 21:27:46 - [DEBUG] - scan_for_images:88 - Invalid image skipped: /home/mustofa/Documents/tamjid/1. ASRAMA IMAM GHAZALI/MP_04563.JPG - Format PIL tidak didukung: MPO
2026-06-24 21:27:46 - [DEBUG] - scan_for_images:88 - Invalid image skipped: /home/mustofa/Documents/tamjid/1. ASRAMA IMAM GHAZALI/MP_04552.JPG - Format PIL tidak didukung: MPO
2026-06-24 21:27:46 - [DEBUG] - scan_for_images:88 - Invalid image skipped: /home/mustofa/Documents/tamjid/1. ASRAMA IMAM GHAZALI/MP_04560.JPG - Format PIL tidak didukung: MPO
2026-06-24 21:27:46 - [DEBUG] - scan_for_images:88 - Invalid image skipped: /home/mustofa/Documents/tamjid/1. ASRAMA IMAM GHAZALI/MP_04562.JPG - Format PIL tidak didukung: MPO
2026-06-24 21:27:46 - [DEBUG] - scan_for_images:88 - Invalid image skipped: /home/mustofa/Documents/tamjid/1. ASRAMA IMAM GHAZALI/MP_04558.JPG - Format PIL tidak didukung: MPO
2026-06-24 21:27:46 - [DEBUG] - scan_for_images:88 - Invalid image skipped: /home/mustofa/Documents/tamjid/1. ASRAMA IMAM GHAZALI/MP_04569.JPG - Format PIL tidak didukung: MPO
2026-06-24 21:27:46 - [DEBUG] - scan_for_images:88 - Invalid image skipped: /home/mustofa/Documents/tamjid/1. ASRAMA IMAM GHAZALI/MP_04567.JPG - Format PIL tidak didukung: MPO
2026-06-24 21:27:46 - [DEBUG] - scan_for_images:88 - Invalid image skipped: /home/mustofa/Documents/tamjid/1. ASRAMA IMAM GHAZALI/MP_04571.JPG - Format PIL tidak didukung: MPO
2026-06-24 21:27:46 - [DEBUG] - scan_for_images:88 - Invalid image skipped: /home/mustofa/Documents/tamjid/1. ASRAMA IMAM GHAZALI/MP_04546.JPG - Format PIL tidak didukung: MPO
2026-06-24 21:27:46 - [DEBUG] - scan_for_images:88 - Invalid image skipped: /home/mustofa/Documents/tamjid/1. ASRAMA IMAM GHAZALI/MP_04550.JPG - Format PIL tidak didukung: MPO
2026-06-24 21:27:46 - [DEBUG] - scan_for_images:88 - Invalid image skipped: /home/mustofa/Documents/tamjid/1. ASRAMA IMAM GHAZALI/MP_04565.JPG - Format PIL tidak didukung: MPO
2026-06-24 21:27:46 - [DEBUG] - scan_for_images:88 - Invalid image skipped: /home/mustofa/Documents/tamjid/1. ASRAMA IMAM GHAZALI/MP_04548.JPG - Format PIL tidak didukung: MPO
2026-06-24 21:27:46 - [DEBUG] - scan_for_images:88 - Invalid image skipped: /home/mustofa/Documents/tamjid/1. ASRAMA IMAM GHAZALI/MP_04545.JPG - Format PIL tidak didukung: MPO
2026-06-24 21:27:46 - [DEBUG] - scan_for_images:88 - Invalid image skipped: /home/mustofa/Documents/tamjid/1. ASRAMA IMAM GHAZALI/MP_04557.JPG - Format PIL tidak didukung: MPO
2026-06-24 21:27:46 - [INFO] - scan_for_images:92 - Found 0 valid image files.
2026-06-24 21:27:46 - [WARNING] - scan_for_images:95 - Skipped 34 invalid files.
2026-06-24 21:27:46 - [DEBUG] - scan_for_images:97 -   - /home/mustofa/Documents/tamjid/1. ASRAMA IMAM GHAZALI/MP_04535.JPG: Format PIL tidak didukung: MPO
2026-06-24 21:27:46 - [DEBUG] - scan_for_images:97 -   - /home/mustofa/Documents/tamjid/1. ASRAMA IMAM GHAZALI/MP_04570.JPG: Format PIL tidak didukung: MPO
2026-06-24 21:27:46 - [DEBUG] - scan_for_images:97 -   - /home/mustofa/Documents/tamjid/1. ASRAMA IMAM GHAZALI/MP_04564.JPG: Format PIL tidak didukung: MPO
2026-06-24 21:27:46 - [DEBUG] - scan_for_images:97 -   - /home/mustofa/Documents/tamjid/1. ASRAMA IMAM GHAZALI/MP_04549.JPG: Format PIL tidak didukung: MPO
2026-06-24 21:27:46 - [DEBUG] - scan_for_images:97 -   - /home/mustofa/Documents/tamjid/1. ASRAMA IMAM GHAZALI/MP_04542.JPG: Format PIL tidak didukung: MPO
